<?xml version="1.0" encoding="utf-8"?><testsuites><testsuite name="pytest" errors="0" failures="0" skipped="0" tests="29" time="20.292" timestamp="2026-08-12T22:18:46.691527-04:00" hostname="guofuciuspc"><testcase classname="tests.representation.test_release" name="test_registered_episode_partitions_are_complete_and_disjoint" time="0.005" /><testcase classname="tests.representation.test_release" name="test_compact_episode_schema_matches_official_bounds" time="0.264" /><testcase classname="tests.representation.test_release" name="test_action_window_endpoint_convention" time="0.000" /><testcase classname="tests.representation.test_release" name="test_language_gradient_is_isolated_from_shared_action_trunk" time="0.022" /><testcase classname="tests.representation.test_release" name="test_motor_loss_uses_binary_gripper_semantics" time="0.006" /><testcase classname="tests.representation.test_release" name="test_all_frozen_checkpoints_match_portable_manifest" time="0.032" /><testcase classname="tests.representation.test_release" name="test_independent_replication_release_is_complete_and_read_only" time="0.020" /><testcase classname="tests.representation.test_release" name="test_released_readiness_decision_preserves_history_and_passes" time="0.001" /><testcase classname="tests.representation.test_release" name="test_gate_thresholds_and_stronger_control_are_explicit" time="0.000" /><testcase classname="tests.dynamics.test_dynamics_1_protocol" name="test_causal_packet_accepts_history_and_rejects_target_window" time="0.001" /><testcase classname="tests.dynamics.test_dynamics_1_protocol" name="test_block_information_sets_are_exactly_equal" time="0.000" /><testcase classname="tests.dynamics.test_dynamics_1_protocol" name="test_horizon_enumeration_never_pads" time="0.000" /><testcase classname="tests.dynamics.test_dynamics_1_protocol" name="test_corrected_del_multistep_is_finite_and_differentiable" time="0.387" /><testcase classname="tests.dynamics.test_dynamics_1_protocol" name="test_primary_window_definition_is_nonoverlapping" time="0.000" /><testcase classname="tests.dynamics.test_dynamics_1_protocol" name="test_decoder_and_representation_can_be_fully_frozen" time="0.002" /><testcase classname="tests.dynamics.test_dynamics_1_protocol" name="test_confirmation_manifest_is_required_by_protocol_source" time="0.000" /><testcase classname="tests.dynamics.test_dynamics_2_diagnostics" name="test_diagnostic_residual_and_iteration_exactly_reproduce_forward" time="0.016" /><testcase classname="tests.dynamics.test_dynamics_2_diagnostics" name="test_robust_solver_updates_only_q_next_and_remains_finite" time="0.599" /><testcase classname="tests.dynamics.test_dynamics_2_diagnostics" name="test_residual_jacobian_is_finite_32_by_32" time="0.005" /><testcase classname="tests.dynamics.test_dynamics_2_diagnostics" name="test_wave13_frozen_checkpoint_hashes_still_match" time="0.001" /><testcase classname="tests.dynamics.test_dynamics_2_diagnostics" name="test_gt_near_and_validation_roles_are_preregistered" time="0.000" /><testcase classname="tests.dynamics.test_dynamics_3_factorized" name="test_exact_frozen_16_16_slicing_and_wave13_split_reuse" time="0.007" /><testcase classname="tests.dynamics.test_dynamics_3_factorized" name="test_information_set_and_shared_semantic_design" time="0.001" /><testcase classname="tests.dynamics.test_dynamics_3_factorized" name="test_f2_f4_identical_initializer_and_iteration_budget" time="0.008" /><testcase classname="tests.dynamics.test_dynamics_3_factorized" name="test_decoder_jvp_finite_difference_metric_psd_and_no_decoder_grad" time="0.008" /><testcase classname="tests.dynamics.test_dynamics_3_factorized" name="test_confirmation_manifest_precedes_validation_when_results_exist" time="0.000" /><testcase classname="tests.dynamics.test_frozen_latent_interface" name="test_frozen_latent_dataset_returns_only_consecutive_triples" time="0.003" /><testcase classname="tests.dynamics.test_frozen_latent_interface" name="test_frozen_latent_dataset_rejects_nonconsecutive_windows" time="0.002" /><testcase classname="tests.dynamics.test_lawm_numerics" name="test_stable_lawm_official_toy_optimizer_step_is_finite" time="18.559" /></testsuite></testsuites>