<?xml version="1.0" encoding="utf-8"?><testsuites><testsuite name="pytest" errors="0" failures="0" skipped="0" tests="64" time="14.698" timestamp="2026-08-13T21:50:38.043238-04:00" hostname="guofuciuspc"><testcase classname="tests.representation.test_release" name="test_registered_episode_partitions_are_complete_and_disjoint" time="0.005" /><testcase classname="tests.representation.test_release" name="test_compact_episode_schema_matches_official_bounds" time="0.244" /><testcase classname="tests.representation.test_release" name="test_action_window_endpoint_convention" time="0.000" /><testcase classname="tests.representation.test_release" name="test_language_gradient_is_isolated_from_shared_action_trunk" time="0.016" /><testcase classname="tests.representation.test_release" name="test_motor_loss_uses_binary_gripper_semantics" time="0.003" /><testcase classname="tests.representation.test_release" name="test_all_frozen_checkpoints_match_portable_manifest" time="0.025" /><testcase classname="tests.representation.test_release" name="test_independent_replication_release_is_complete_and_read_only" time="0.018" /><testcase classname="tests.representation.test_release" name="test_released_readiness_decision_preserves_history_and_passes" time="0.001" /><testcase classname="tests.representation.test_release" name="test_gate_thresholds_and_stronger_control_are_explicit" time="0.000" /><testcase classname="tests.dynamics.test_dynamics_1_protocol" name="test_causal_packet_accepts_history_and_rejects_target_window" time="0.000" /><testcase classname="tests.dynamics.test_dynamics_1_protocol" name="test_block_information_sets_are_exactly_equal" time="0.000" /><testcase classname="tests.dynamics.test_dynamics_1_protocol" name="test_horizon_enumeration_never_pads" time="0.000" /><testcase classname="tests.dynamics.test_dynamics_1_protocol" name="test_corrected_del_multistep_is_finite_and_differentiable" time="0.254" /><testcase classname="tests.dynamics.test_dynamics_1_protocol" name="test_primary_window_definition_is_nonoverlapping" time="0.000" /><testcase classname="tests.dynamics.test_dynamics_1_protocol" name="test_decoder_and_representation_can_be_fully_frozen" time="0.001" /><testcase classname="tests.dynamics.test_dynamics_1_protocol" name="test_confirmation_manifest_is_required_by_protocol_source" time="0.001" /><testcase classname="tests.dynamics.test_dynamics_2_diagnostics" name="test_diagnostic_residual_and_iteration_exactly_reproduce_forward" time="0.007" /><testcase classname="tests.dynamics.test_dynamics_2_diagnostics" name="test_robust_solver_updates_only_q_next_and_remains_finite" time="0.676" /><testcase classname="tests.dynamics.test_dynamics_2_diagnostics" name="test_residual_jacobian_is_finite_32_by_32" time="0.004" /><testcase classname="tests.dynamics.test_dynamics_2_diagnostics" name="test_wave13_frozen_checkpoint_hashes_still_match" time="0.003" /><testcase classname="tests.dynamics.test_dynamics_2_diagnostics" name="test_gt_near_and_validation_roles_are_preregistered" time="0.001" /><testcase classname="tests.dynamics.test_dynamics_3_factorized" name="test_exact_frozen_16_16_slicing_and_wave13_split_reuse" time="0.007" /><testcase classname="tests.dynamics.test_dynamics_3_factorized" name="test_information_set_and_shared_semantic_design" time="0.001" /><testcase classname="tests.dynamics.test_dynamics_3_factorized" name="test_f2_f4_identical_initializer_and_iteration_budget" time="0.007" /><testcase classname="tests.dynamics.test_dynamics_3_factorized" name="test_decoder_jvp_finite_difference_metric_psd_and_no_decoder_grad" time="0.008" /><testcase classname="tests.dynamics.test_dynamics_3_factorized" name="test_confirmation_manifest_precedes_validation_when_results_exist" time="0.001" /><testcase classname="tests.dynamics.test_dynamics_4_external_h12" name="test_post_audit_prompt_amendment_is_explicitly_h1_h2_only" time="0.000" /><testcase classname="tests.dynamics.test_dynamics_4_external_h12" name="test_acquisition_gate_has_exact_10_per_task_and_stops_after_000" time="0.001" /><testcase classname="tests.dynamics.test_dynamics_4_external_h12" name="test_every_selected_segment_is_contiguous_original_7d_and_hashed" time="0.031" /><testcase classname="tests.dynamics.test_dynamics_4_external_h12" name="test_preregistration_precedes_outputs_and_forbids_model_selection" time="0.001" /><testcase classname="tests.dynamics.test_dynamics_4_external_h12" name="test_serialization_has_four_nonoverlapping_windows_and_exact_start_counts" time="0.002" /><testcase classname="tests.dynamics.test_dynamics_4_external_h12" name="test_frozen_causal_audit_and_h4_h8_not_run" time="0.001" /><testcase classname="tests.dynamics.test_dynamics_4_external_h12" name="test_metrics_bootstrap_correction_and_iterations_are_complete_and_finite" time="0.005" /><testcase classname="tests.dynamics.test_dynamics_4_external_h12" name="test_final_report_and_research_log_explicitly_limit_scope" time="0.001" /><testcase classname="tests.dynamics.test_dynamics_4_long_horizon" name="test_exact_nonoverlap_no_padding_and_h8_support" time="0.000" /><testcase classname="tests.dynamics.test_dynamics_4_long_horizon" name="test_bootstrap_samples_paired_trajectories" time="0.001" /><testcase classname="tests.dynamics.test_dynamics_4_long_horizon" name="test_training_neighbor_pca_finite_orthogonal_decomposition" time="0.000" /><testcase classname="tests.dynamics.test_dynamics_4_long_horizon" name="test_f2_frozen_initializer_equals_f1_and_iterations_are_four" time="0.001" /><testcase classname="tests.dynamics.test_dynamics_4_long_horizon" name="test_failed_data_gate_blocks_all_metrics_and_del_primary_use" time="0.002" /><testcase classname="tests.dynamics.test_dynamics_4_long_horizon" name="test_project_remains_below_20_gib" time="0.437" /><testcase classname="tests.dynamics.test_dynamics_4_long_horizon" name="test_local_inventory_and_exact_task_mapping" time="0.001" /><testcase classname="tests.dynamics.test_dynamics_4_long_horizon" name="test_huggingface_enumeration_and_download_hash_records" time="0.014" /><testcase classname="tests.dynamics.test_dynamics_4_long_horizon" name="test_disk_guard_and_staged_cleanup" time="0.001" /><testcase classname="tests.dynamics.test_dynamics_4_long_horizon" name="test_roboverse_per_trajectory_schema_and_action_gate" time="0.025" /><testcase classname="tests.dynamics.test_dynamics_4_long_horizon" name="test_exact_rel_action_convention_and_time_base_gate" time="0.001" /><testcase classname="tests.dynamics.test_dynamics_4_long_horizon" name="test_annotation_eligibility_is_direct_and_does_not_cross_boundaries" time="0.003" /><testcase classname="tests.dynamics.test_dynamics_4_long_horizon" name="test_selection_preregistration_freezing_and_no_future_actions" time="0.002" /><testcase classname="tests.dynamics.test_dynamics_4_long_horizon" name="test_failed_gate_has_exact_missing_plan_and_finite_artifacts" time="0.005" /><testcase classname="tests.dynamics.test_dynamics_4_long_horizon" name="test_blocked_metrics_include_source_stratification_and_training_only_manifold" time="0.000" /><testcase classname="tests.dynamics.test_dynamics_5" name="test_context_offset_rules_are_causal_and_exogenous_only_when_labeled" time="0.000" /><testcase classname="tests.dynamics.test_dynamics_5" name="test_immutable_wave16_artifacts_match" time="0.000" /><testcase classname="tests.dynamics.test_dynamics_5" name="test_blocks_are_contiguous_nonoverlapping_and_session_bounded" time="0.033" /><testcase classname="tests.dynamics.test_dynamics_5" name="test_primary_support_meets_exact_gate" time="0.000" /><testcase classname="tests.dynamics.test_dynamics_5" name="test_annotation_boundaries_are_metadata_not_concatenation" time="0.001" /><testcase classname="tests.dynamics.test_dynamics_5" name="test_protocol_a_never_uses_future_annotation_schedule" time="0.001" /><testcase classname="tests.dynamics.test_dynamics_5" name="test_protocol_b_is_explicitly_exogenous" time="0.000" /><testcase classname="tests.dynamics.test_dynamics_5" name="test_models_are_frozen_and_source_contains_no_training_call" time="0.000" /><testcase classname="tests.dynamics.test_dynamics_5" name="test_checkpoint_file_hashes_remain_frozen" time="0.000" /><testcase classname="tests.dynamics.test_dynamics_5" name="test_bootstrap_uses_source_sessions_not_windows_or_blocks" time="0.000" /><testcase classname="tests.dynamics.test_dynamics_5" name="test_manifold_reference_is_training_only" time="0.000" /><testcase classname="tests.dynamics.test_dynamics_5" name="test_all_metric_numbers_are_finite" time="0.002" /><testcase classname="tests.dynamics.test_frozen_latent_interface" name="test_frozen_latent_dataset_returns_only_consecutive_triples" time="0.002" /><testcase classname="tests.dynamics.test_frozen_latent_interface" name="test_frozen_latent_dataset_rejects_nonconsecutive_windows" time="0.002" /><testcase classname="tests.dynamics.test_lawm_numerics" name="test_stable_lawm_official_toy_optimizer_step_is_finite" time="12.041" /></testsuite></testsuites>