<?xml version="1.0" encoding="utf-8"?><testsuites><testsuite name="pytest" errors="0" failures="0" skipped="0" tests="7" time="1.066" timestamp="2026-08-14T17:21:43.581536-04:00" hostname="guofuciuspc"><testcase classname="tests.dynamics.test_dynamics_9_language_transition" name="test_frozen_representation_and_decoder_unchanged" time="0.001" /><testcase classname="tests.dynamics.test_dynamics_9_language_transition" name="test_boundary_chunks_and_session_split_are_physical_and_disjoint" time="0.002" /><testcase classname="tests.dynamics.test_dynamics_9_language_transition" name="test_model_and_control_information_sets" time="0.070" /><testcase classname="tests.dynamics.test_dynamics_9_language_transition" name="test_same_state_interventions_share_state_and_only_language_changes" time="0.004" /><testcase classname="tests.dynamics.test_dynamics_9_language_transition" name="test_clustered_statistics_and_registered_bootstrap" time="0.000" /><testcase classname="tests.dynamics.test_dynamics_9_language_transition" name="test_all_json_valid_and_numeric_outputs_finite" time="0.002" /><testcase classname="tests.dynamics.test_dynamics_9_language_transition" name="test_final_test_was_frozen_before_opening" time="0.000" /></testsuite></testsuites>