<?xml version="1.0" encoding="utf-8"?><testsuites><testsuite name="pytest" errors="0" failures="0" skipped="0" tests="7" time="0.955" timestamp="2026-08-14T17:51:25.964977-04:00" hostname="guofuciuspc"><testcase classname="tests.dynamics.test_dynamics_10_cycle_consistency" name="test_wave21_hashes_and_protocol_inputs_are_unchanged" time="0.002" /><testcase classname="tests.dynamics.test_dynamics_10_cycle_consistency" name="test_cycle_map_is_exact_frozen_decoder_then_encoder" time="0.023" /><testcase classname="tests.dynamics.test_dynamics_10_cycle_consistency" name="test_cycle_loss_gradients_reach_only_transition_model" time="0.022" /><testcase classname="tests.dynamics.test_dynamics_10_cycle_consistency" name="test_single_factor_objective_contains_no_banned_losses" time="0.000" /><testcase classname="tests.dynamics.test_dynamics_10_cycle_consistency" name="test_same_state_exact_k4_and_registered_selection_protocol" time="0.000" /><testcase classname="tests.dynamics.test_dynamics_10_cycle_consistency" name="test_phase_a_stop_prevented_training_and_new_test_opening" time="0.000" /><testcase classname="tests.dynamics.test_dynamics_10_cycle_consistency" name="test_claim_statuses_json_validity_finiteness_and_deliverables" time="0.003" /></testsuite></testsuites>