<?xml version="1.0" encoding="utf-8"?><testsuites><testsuite name="pytest" errors="0" failures="0" skipped="0" tests="7" time="0.872" timestamp="2026-08-14T18:20:43.121433-04:00" hostname="guofuciuspc"><testcase classname="tests.dynamics.test_dynamics_11_goal_alignment" name="test_frozen_wave21_hashes_split_and_inventory_unchanged" time="0.002" /><testcase classname="tests.dynamics.test_dynamics_11_goal_alignment" name="test_goal_cores_are_exact_train_only_75th_percentile_and_k20" time="0.035" /><testcase classname="tests.dynamics.test_dynamics_11_goal_alignment" name="test_model_is_single_factor_and_training_gradients_are_isolated" time="0.001" /><testcase classname="tests.dynamics.test_dynamics_11_goal_alignment" name="test_lambda_selection_uses_development_only_and_stops_before_test" time="0.000" /><testcase classname="tests.dynamics.test_dynamics_11_goal_alignment" name="test_same_state_sixway_changes_only_language_and_prototype_has_no_state_input" time="0.004" /><testcase classname="tests.dynamics.test_dynamics_11_goal_alignment" name="test_phase_a_clustered_protocol_and_claim_statuses" time="0.000" /><testcase classname="tests.dynamics.test_dynamics_11_goal_alignment" name="test_json_finite_and_all_stop_branch_deliverables_exist" time="0.002" /></testsuite></testsuites>